<?xml version="1.0" encoding="UTF-8"?>
<!-- Generated by org.testng.reporters.JUnitReportReporter -->
<testsuite hostname="CN-ON-PF3ZFK5J" failures="0" tests="1" name="ExploreRest.Test1" time="1.523" errors="0" timestamp="2024-11-13T11:48:29 EST" skipped="0">
  <testcase classname="ExploreRest.Test1" name="login" time="1.523"/>
</testsuite> <!-- ExploreRest.Test1 -->
