<?xml version="1.0" encoding="UTF-8"?>
<!-- Generated by org.testng.reporters.JUnitReportReporter -->
<testsuite hostname="CN-ON-PF3ZFK5J" failures="0" tests="1" name="Day4.TestNgSum" time="0.899" errors="0" timestamp="2024-08-22T15:55:49 EDT" skipped="0">
  <testcase classname="Day4.TestNgSum" name="sumofCourses" time="0.899"/>
</testsuite> <!-- Day4.TestNgSum -->
