<?xml version="1.0" encoding="UTF-8"?>
<!-- Generated by org.testng.reporters.JUnitReportReporter -->
<testsuite hostname="CN-ON-PF3ZFK5J" failures="0" tests="4" name="Day1.HTTPRequests" time="3.197" errors="0" timestamp="2024-08-18T14:10:12 EDT" skipped="0">
  <testcase classname="Day1.HTTPRequests" name="getUsers" time="2.093"/>
  <testcase classname="Day1.HTTPRequests" name="createUser" time="0.579"/>
  <testcase classname="Day1.HTTPRequests" name="updateUser" time="0.261"/>
  <testcase classname="Day1.HTTPRequests" name="deleteUser" time="0.264"/>
</testsuite> <!-- Day1.HTTPRequests -->
