<?xml version="1.0" encoding="UTF-8"?>
<!-- Generated by org.testng.reporters.JUnitReportReporter -->
<testsuite hostname="CN-ON-PF3ZFK5J" failures="0" tests="1" name="Day4.Library" time="1.987" errors="0" timestamp="2024-08-22T19:34:23 EDT" skipped="0">
  <testcase classname="Day4.Library" name="addBook" time="1.987"/>
</testsuite> <!-- Day4.Library -->
