<?xml version="1.0" encoding="UTF-8"?>
<!-- Generated by org.testng.reporters.JUnitReportReporter -->
<testsuite hostname="CN-ON-PF3ZFK5J" failures="0" tests="2" name="com.fakeAPIStore.www.GetAllProducts" time="3.041" errors="0" timestamp="2024-11-18T13:45:58 EST" skipped="0">
  <testcase classname="com.fakeAPIStore.www.GetAllProducts" name="userLogin" time="0.827"/>
  <testcase classname="com.fakeAPIStore.www.GetAllProducts" name="getAllProducts" time="2.214"/>
</testsuite> <!-- com.fakeAPIStore.www.GetAllProducts -->
