<?xml version="1.0" encoding="UTF-8"?>
<!-- Generated by org.testng.reporters.JUnitReportReporter -->
<testsuite hostname="CN-ON-PF3ZFK5J" failures="0" tests="1" name="com.jcrew.login.LoginTest" time="2.678" errors="0" timestamp="2024-11-20T20:49:20 EST" skipped="0">
  <testcase classname="com.jcrew.login.LoginTest" name="loginJcrewBasicAuth" time="2.678"/>
</testsuite> <!-- com.jcrew.login.LoginTest -->
