<?xml version="1.0" encoding="UTF-8"?>
<!-- Generated by org.testng.reporters.JUnitReportReporter -->
<testsuite hostname="CN-ON-PF3ZFK5J" failures="0" tests="5" name="Day5.TestNGPrac" time="0.012" errors="0" timestamp="2024-08-24T18:13:44 EDT" skipped="0">
  <testcase classname="Day5.TestNGPrac" name="abc" time="0.008"/>
  <testcase classname="Day5.TestNGPrac" name="ghi" time="0.001"/>
  <testcase classname="Day5.TestNGPrac" name="bcd" time="0.001"/>
  <testcase classname="Day5.TestNGPrac" name="cde" time="0.001"/>
  <testcase classname="Day5.TestNGPrac" name="def" time="0.001"/>
</testsuite> <!-- Day5.TestNGPrac -->
