<?xml version="1.0" encoding="UTF-8"?>
<!-- Generated by org.testng.reporters.JUnitReportReporter -->
<testsuite hostname="CN-ON-PF3ZFK5J" failures="0" tests="1" name="Oct.jCrewLogin" time="1.884" errors="0" timestamp="2024-10-10T10:29:54 EDT" skipped="0">
  <testcase classname="Oct.jCrewLogin" name="basicAuthJcrew" time="1.884"/>
</testsuite> <!-- Oct.jCrewLogin -->
