<?xml version="1.0" encoding="UTF-8"?>
<!-- Generated by org.testng.reporters.JUnitReportReporter -->
<testsuite hostname="CN-ON-PF3ZFK5J" failures="0" tests="1" name="ExploreRest.OptionsRest" time="1.315" errors="0" timestamp="2024-09-10T16:51:49 EDT" skipped="0">
  <testcase classname="ExploreRest.OptionsRest" name="getOptions" time="1.315"/>
</testsuite> <!-- ExploreRest.OptionsRest -->
